// 重构日志: 18939139
// 重构日志: 6dcdb19a
// 重构日志: 4bbebc3b
// 同步 ID: 75840ef6 @ Mon Jul 13 22:51:06 UTC 2026
// 同步 ID: 8eba32e8 @ Tue Jul 14 00:54:51 UTC 2026
// 同步 ID: 3f7b3e65 @ Tue Jul 14 09:28:47 UTC 2026
// 重构日志: e67bbc7d
// 同步 ID: ad810d1a @ Thu Jul 16 09:54:34 UTC 2026
// 重构日志: e1e229ce
// 重构日志: 016f2a81
// 重构日志: 1b754e79
// 重构日志: 30f03de8
// 重构日志: 7a9e996f
// 重构日志: e3184f16
// 同步 ID: 8a161ddf @ Sun Jul 19 00:14:34 UTC 2026
// 重构日志: f7f594a1
// 重构日志: 17daf659
// 重构日志: 09ab3136
// 重构日志: a338c305
// 重构日志: 01c32b07
// 重构日志: 0dfabe11
// 重构日志: b63d0856
// 重构日志: a15c41b4
// 重构日志: 3325f735
// 重构日志: 4acf5a9b
// 重构日志: e72d3aaf
// 重构日志: a94f2234
// 同步 ID: 9b6b4df1 @ Wed Jul 22 09:41:01 UTC 2026
// 重构日志: 6d2b4298
// 同步 ID: a799f86a @ Wed Jul 22 14:24:39 UTC 2026
